<?xml version="1.0" encoding="UTF-8"?>
<!-- Generated by org.testng.reporters.JUnitReportReporter -->
<testsuite hostname="DESKTOP-CENS9GD" failures="0" tests="3" name="rahulshettyacademy.tests.SubmitOrderTest" time="18.928" errors="0" timestamp="2025-03-16T19:08:39 IST" skipped="0">
  <testcase classname="rahulshettyacademy.tests.SubmitOrderTest" name="submitOrder" time="9.038"/>
  <testcase classname="rahulshettyacademy.tests.SubmitOrderTest" name="OrderHistoryTest" time="3.636"/>
  <testcase classname="rahulshettyacademy.tests.SubmitOrderTest" name="submitOrder" time="6.254"/>
</testsuite> <!-- rahulshettyacademy.tests.SubmitOrderTest -->
