<?xml version="1.0" encoding="UTF-8"?>
<!-- Generated by org.testng.reporters.JUnitReportReporter -->
<testsuite hostname="DESKTOP-CENS9GD" failures="0" tests="2" name="rahulshettyacademy.tests.ErrorValidationsTest" time="22.803" errors="0" timestamp="2025-03-16T19:08:39 IST" skipped="0">
  <testcase classname="rahulshettyacademy.tests.ErrorValidationsTest" name="LoginErrorValidation" time="7.317"/>
  <testcase classname="rahulshettyacademy.tests.ErrorValidationsTest" name="ProductErrorValidation" time="15.486"/>
</testsuite> <!-- rahulshettyacademy.tests.ErrorValidationsTest -->
